<?xml version="1.0" encoding="UTF-8"?>
<!-- Generated by org.testng.reporters.JUnitReportReporter -->
<testsuite skipped="3" hostname="Lenovo-Gokhan" name="com.emaua.testcases.LoginPageTest" tests="4" failures="0" timestamp="01 May 2018 14:29:48 GMT" time="37.963" errors="0">
  <testcase name="validateInvalidLinks" time="37.963" classname="com.emaua.testcases.LoginPageTest"/>
  <testcase name="loginPageTitleTest" classname="com.emaua.testcases.LoginPageTest">
    <skipped/>
  </testcase> <!-- loginPageTitleTest -->
  <testcase name="emauaLogoTest" classname="com.emaua.testcases.LoginPageTest">
    <skipped/>
  </testcase> <!-- emauaLogoTest -->
  <testcase name="loginTest" classname="com.emaua.testcases.LoginPageTest">
    <skipped/>
  </testcase> <!-- loginTest -->
</testsuite> <!-- com.emaua.testcases.LoginPageTest -->
