<?xml version="1.0" encoding="UTF-8"?>
<!-- Generated by org.testng.reporters.JUnitReportReporter -->
<testsuite skipped="7" hostname="Lenovo-Gokhan" name="com.emaua.testcases.InstitutionsPageTest" tests="8" failures="0" timestamp="10 May 2018 09:14:40 GMT" time="37.906" errors="0">
  <testcase name="verifyInstitutionDetailsPopUpPageCheckCoursesButton" time="37.906" classname="com.emaua.testcases.InstitutionsPageTest"/>
  <testcase name="verifyInstitutionsPageTitleTest" classname="com.emaua.testcases.InstitutionsPageTest">
    <skipped/>
  </testcase> <!-- verifyInstitutionsPageTitleTest -->
  <testcase name="verifyAddInstitutionButtonTest" classname="com.emaua.testcases.InstitutionsPageTest">
    <skipped/>
  </testcase> <!-- verifyAddInstitutionButtonTest -->
  <testcase name="verifyDeleteInstitutionTest" classname="com.emaua.testcases.InstitutionsPageTest">
    <skipped/>
  </testcase> <!-- verifyDeleteInstitutionTest -->
  <testcase name="verifyInstitutionDetailsPopUpPageDisplayed" classname="com.emaua.testcases.InstitutionsPageTest">
    <skipped/>
  </testcase> <!-- verifyInstitutionDetailsPopUpPageDisplayed -->
  <testcase name="verifyPagination" classname="com.emaua.testcases.InstitutionsPageTest">
    <skipped/>
  </testcase> <!-- verifyPagination -->
  <testcase name="verifyAddInstitutionModalTitle" classname="com.emaua.testcases.InstitutionsPageTest">
    <skipped/>
  </testcase> <!-- verifyAddInstitutionModalTitle -->
  <testcase name="verifyEditInstitutionTest" classname="com.emaua.testcases.InstitutionsPageTest">
    <skipped/>
  </testcase> <!-- verifyEditInstitutionTest -->
</testsuite> <!-- com.emaua.testcases.InstitutionsPageTest -->
