<?xml version="1.0" encoding="UTF-8"?>
<!-- Generated by org.testng.reporters.JUnitReportReporter -->
<testsuite skipped="3" hostname="Lenovo-Gokhan" name="com.emaua.testcases.LoginPageTest" tests="4" failures="0" timestamp="17 May 2018 01:22:44 GMT" time="33.947" errors="0">
  <testcase name="loginTest" time="33.947" classname="com.emaua.testcases.LoginPageTest"/>
  <testcase name="loginPageTitleTest" classname="com.emaua.testcases.LoginPageTest">
    <skipped/>
  </testcase> <!-- loginPageTitleTest -->
  <testcase name="validateInvalidLinks" classname="com.emaua.testcases.LoginPageTest">
    <skipped/>
  </testcase> <!-- validateInvalidLinks -->
  <testcase name="emauaLogoTest" classname="com.emaua.testcases.LoginPageTest">
    <skipped/>
  </testcase> <!-- emauaLogoTest -->
</testsuite> <!-- com.emaua.testcases.LoginPageTest -->
