<?xml version="1.0" encoding="UTF-8"?>
<!-- Generated by org.testng.reporters.JUnitReportReporter -->
<testsuite skipped="1" hostname="Lenovo-Gokhan" name="com.emaua.testcases.HomePageTest" tests="4" failures="0" timestamp="27 Apr 2018 10:50:26 GMT" time="99.249" errors="0">
  <testcase name="verifyLoginPageLink" time="18.155" classname="com.emaua.testcases.HomePageTest"/>
  <testcase name="verifyInstitutionsPageLink" time="36.907" classname="com.emaua.testcases.HomePageTest"/>
  <testcase name="verifyTeachersPageLink" time="44.187" classname="com.emaua.testcases.HomePageTest"/>
  <testcase name="verifyHomePageTitleTest" classname="com.emaua.testcases.HomePageTest">
    <skipped/>
  </testcase> <!-- verifyHomePageTitleTest -->
</testsuite> <!-- com.emaua.testcases.HomePageTest -->
