<?xml version="1.0" encoding="UTF-8"?>
<!-- Generated by org.testng.reporters.JUnitReportReporter -->
<testsuite skipped="1" hostname="Lenovo-Gokhan" name="com.emaua.testcases.HomePageTest" tests="4" failures="0" timestamp="17 May 2018 01:22:44 GMT" time="104.010" errors="0">
  <testcase name="verifyTeachersPageLink" time="35.438" classname="com.emaua.testcases.HomePageTest"/>
  <testcase name="verifyInstitutionsPageLink" time="34.323" classname="com.emaua.testcases.HomePageTest"/>
  <testcase name="verifyLoginPageLink" time="34.249" classname="com.emaua.testcases.HomePageTest"/>
  <testcase name="verifyHomePageTitleTest" classname="com.emaua.testcases.HomePageTest">
    <skipped/>
  </testcase> <!-- verifyHomePageTitleTest -->
</testsuite> <!-- com.emaua.testcases.HomePageTest -->
